<?xml version="1.0" encoding="UTF-8"?>
<robot generator="Robot 6.1 (Python 3.11.3 on win32)" generated="20230802 14:37:08.601" rpa="false" schemaversion="4">
<suite id="s1" name="Amazon Testes" source="c:\Users\joaok\OneDrive\Curso-de-robot\WEBTESTING_AUTOMAÇÂO\amazon_testes.robot">
<test id="s1-t1" name="Caso de Teste 04 - Remover Produto do Carrinho" line="41">
<kw name="Abrir o navegador" library="amazon.resources" type="SETUP">
<kw name="Open Browser" library="SeleniumLibrary">
<arg>browser=${BROWSER}</arg>
<doc>Opens a new browser instance to the optional ``url``.</doc>
<msg timestamp="20230802 14:37:08.802" level="INFO">Opening browser 'chrome' to base url 'None'.</msg>
<status status="PASS" starttime="20230802 14:37:08.801" endtime="20230802 14:37:10.049"/>
</kw>
<kw name="Maximize Browser Window" library="SeleniumLibrary">
<doc>Maximizes current browser window.</doc>
<status status="PASS" starttime="20230802 14:37:10.049" endtime="20230802 14:37:10.162"/>
</kw>
<status status="PASS" starttime="20230802 14:37:08.801" endtime="20230802 14:37:10.162"/>
</kw>
<kw name="Acessar a home page do site Amazon.com.br" library="amazon.resources">
<kw name="Go To" library="SeleniumLibrary">
<arg>url=${URL}</arg>
<doc>Navigates the current browser window to the provided ``url``.</doc>
<msg timestamp="20230802 14:37:10.163" level="INFO">Opening url 'https://www.amazon.com.br/'</msg>
<status status="PASS" starttime="20230802 14:37:10.163" endtime="20230802 14:37:12.874"/>
</kw>
<kw name="Wait Until Element Is Visible" library="SeleniumLibrary">
<arg>locator=${MENU_ELETRONICOS}</arg>
<doc>Waits until the element ``locator`` is visible.</doc>
<status status="PASS" starttime="20230802 14:37:12.875" endtime="20230802 14:37:12.902"/>
</kw>
<status status="PASS" starttime="20230802 14:37:10.162" endtime="20230802 14:37:12.902"/>
</kw>
<kw name="Digitar o nome de produto &quot;Xbox Series S&quot; no campo de pesquisa" library="amazon.resources" sourcename="Digitar o nome de produto &quot;${PRODUTO}&quot; no campo de pesquisa">
<kw name="Input Text" library="SeleniumLibrary">
<arg>locator=field-keywords</arg>
<arg>text=${PRODUTO}</arg>
<doc>Types the given ``text`` into the text field identified by ``locator``.</doc>
<msg timestamp="20230802 14:37:12.904" level="INFO">Typing text 'Xbox Series S' into text field 'field-keywords'.</msg>
<status status="PASS" starttime="20230802 14:37:12.903" endtime="20230802 14:37:13.081"/>
</kw>
<status status="PASS" starttime="20230802 14:37:12.903" endtime="20230802 14:37:13.081"/>
</kw>
<kw name="Clicar no botão de pesquisa" library="amazon.resources">
<kw name="Click Element" library="SeleniumLibrary">
<arg>locator=nav-search-submit-button</arg>
<doc>Click the element identified by ``locator``.</doc>
<msg timestamp="20230802 14:37:13.082" level="INFO">Clicking element 'nav-search-submit-button'.</msg>
<status status="PASS" starttime="20230802 14:37:13.082" endtime="20230802 14:37:13.209"/>
</kw>
<status status="PASS" starttime="20230802 14:37:13.082" endtime="20230802 14:37:13.209"/>
</kw>
<kw name="Verificar o resultado da pesquisa se está listando o produto &quot;Xbox Series S&quot;" library="amazon.resources" sourcename="Verificar o resultado da pesquisa se está Listando o Produto &quot;${PRODUTO}&quot;">
<kw name="Wait Until Element Is Visible" library="SeleniumLibrary">
<arg>locator=(//h2[contains(.,'${PRODUTO}')])[2]</arg>
<doc>Waits until the element ``locator`` is visible.</doc>
<status status="PASS" starttime="20230802 14:37:13.211" endtime="20230802 14:37:14.298"/>
</kw>
<status status="PASS" starttime="20230802 14:37:13.210" endtime="20230802 14:37:14.298"/>
</kw>
<kw name="Clicar no produto &quot;Xbox Series S&quot;" library="amazon.resources" sourcename="Clicar no produto &quot;${PRODUTO}&quot;">
<kw name="Click Element" library="SeleniumLibrary">
<arg>locator=(//a[@class='a-link-normal s-underline-text s-underline-link-text s-link-style a-text-normal'][contains(.,'${PRODUTO}')])[2]</arg>
<doc>Click the element identified by ``locator``.</doc>
<msg timestamp="20230802 14:37:14.300" level="INFO">Clicking element '(//a[@class='a-link-normal s-underline-text s-underline-link-text s-link-style a-text-normal'][contains(.,'Xbox Series S')])[2]'.</msg>
<status status="PASS" starttime="20230802 14:37:14.299" endtime="20230802 14:37:18.402"/>
</kw>
<status status="PASS" starttime="20230802 14:37:14.298" endtime="20230802 14:37:18.402"/>
</kw>
<kw name="Adicionar o produto &quot;Xbox Series S&quot; no carrinho" library="amazon.resources" sourcename="Adicionar o produto &quot;${PRODUTO}&quot; no carrinho">
<kw name="Wait Until Element Is Visible" library="SeleniumLibrary">
<arg>locator=//span[@class='a-size-large product-title-word-break'][contains(.,'${PRODUTO}')]</arg>
<doc>Waits until the element ``locator`` is visible.</doc>
<status status="PASS" starttime="20230802 14:37:18.403" endtime="20230802 14:37:18.428"/>
</kw>
<kw name="Click Button" library="SeleniumLibrary">
<arg>locator=${BOTAO_ADICONAR_AO_CARRINHO}</arg>
<doc>Clicks the button identified by ``locator``.</doc>
<msg timestamp="20230802 14:37:18.429" level="INFO">Clicking button '//input[contains(@name,'submit.add-to-cart')]'.</msg>
<status status="PASS" starttime="20230802 14:37:18.429" endtime="20230802 14:37:21.462"/>
</kw>
<status status="PASS" starttime="20230802 14:37:18.402" endtime="20230802 14:37:21.462"/>
</kw>
<kw name="Verificar se o produto &quot;Xbox Series S&quot; foi adicionado com sucesso" library="amazon.resources">
<kw name="Wait Until Page Contains" library="SeleniumLibrary">
<arg>text=Adicionado ao carrinho</arg>
<doc>Waits until ``text`` appears on the current page.</doc>
<status status="PASS" starttime="20230802 14:37:21.462" endtime="20230802 14:37:21.503"/>
</kw>
<status status="PASS" starttime="20230802 14:37:21.462" endtime="20230802 14:37:21.503"/>
</kw>
<kw name="Remover o produto &quot;Xbox Series S&quot; do carrinho" library="amazon.resources">
<kw name="Click Element" library="SeleniumLibrary">
<arg>locator=${CARRINHO_DE_COMPRAS}</arg>
<doc>Click the element identified by ``locator``.</doc>
<msg timestamp="20230802 14:37:21.506" level="INFO">Clicking element '//a[contains(@aria-label,'1 item no carrinho')]'.</msg>
<status status="PASS" starttime="20230802 14:37:21.505" endtime="20230802 14:37:22.589"/>
</kw>
<kw name="Wait Until Page Contains" library="SeleniumLibrary">
<arg>text=Carrinho de compras</arg>
<doc>Waits until ``text`` appears on the current page.</doc>
<status status="PASS" starttime="20230802 14:37:22.589" endtime="20230802 14:37:22.604"/>
</kw>
<kw name="Click Element" library="SeleniumLibrary">
<arg>locator=${BOTAO_EXCLUIR_DO_CARRINHO}</arg>
<doc>Click the element identified by ``locator``.</doc>
<msg timestamp="20230802 14:37:22.605" level="INFO">Clicking element '//input[contains(@value,'Excluir')]'.</msg>
<status status="PASS" starttime="20230802 14:37:22.604" endtime="20230802 14:37:22.682"/>
</kw>
<status status="PASS" starttime="20230802 14:37:21.505" endtime="20230802 14:37:22.683"/>
</kw>
<kw name="Verificar se o carrinho fica vazio" library="amazon.resources">
<kw name="Wait Until Element Is Visible" library="SeleniumLibrary">
<arg>locator=${REMOVIDO_DO_CARRINHO}</arg>
<doc>Waits until the element ``locator`` is visible.</doc>
<status status="PASS" starttime="20230802 14:37:22.684" endtime="20230802 14:37:23.114"/>
</kw>
<status status="PASS" starttime="20230802 14:37:22.684" endtime="20230802 14:37:23.115"/>
</kw>
<kw name="Fechar o navegador" library="amazon.resources" type="TEARDOWN">
<kw name="Capture Page Screenshot" library="SeleniumLibrary">
<doc>Takes a screenshot of the current page and embeds it into a log file.</doc>
<msg timestamp="20230802 14:37:23.260" level="INFO" html="true">&lt;/td&gt;&lt;/tr&gt;&lt;tr&gt;&lt;td colspan="3"&gt;&lt;a href="selenium-screenshot-6.png"&gt;&lt;img src="selenium-screenshot-6.png" width="800px"&gt;&lt;/a&gt;</msg>
<status status="PASS" starttime="20230802 14:37:23.115" endtime="20230802 14:37:23.260"/>
</kw>
<kw name="Close Browser" library="SeleniumLibrary">
<doc>Closes the current browser.</doc>
<status status="PASS" starttime="20230802 14:37:23.261" endtime="20230802 14:37:25.396"/>
</kw>
<status status="PASS" starttime="20230802 14:37:23.115" endtime="20230802 14:37:25.396"/>
</kw>
<doc>Esse teste verifica a remoção de um produto no carrinho de compras</doc>
<tag>remover_carrinho</tag>
<status status="PASS" starttime="20230802 14:37:08.800" endtime="20230802 14:37:25.396"/>
</test>
<doc>Esse Suite testa o site da Amazon.com.br</doc>
<status status="PASS" starttime="20230802 14:37:08.605" endtime="20230802 14:37:25.396"/>
</suite>
<statistics>
<total>
<stat pass="1" fail="0" skip="0">All Tests</stat>
</total>
<tag>
<stat pass="1" fail="0" skip="0">remover_carrinho</stat>
</tag>
<suite>
<stat pass="1" fail="0" skip="0" id="s1" name="Amazon Testes">Amazon Testes</stat>
</suite>
</statistics>
<errors>
</errors>
</robot>
